<?xml version="1.0" encoding="UTF-8"?>
<!-- Generated by org.testng.reporters.JUnitXMLReporter -->
<testsuite hostname="LAPTOP-OI625VM6" ignored="0" name="Default test" tests="3" failures="0" timestamp="2022-12-26T15:52:38 IST" time="0.119" errors="0">
  <testcase name="userData" time="0.01" classname="com.TestNGProject.DataDemo"/>
  <testcase name="userData" time="0.0" classname="com.TestNGProject.DataDemo"/>
  <testcase name="userData" time="0.0" classname="com.TestNGProject.DataDemo"/>
</testsuite> <!-- Default test -->
