<?xml version="1.0" encoding="UTF-8"?>
<testng-results skipped="0" failed="0" ignored="0" total="3" passed="3">
  <reporter-output>
  </reporter-output>
  <suite name="Default suite" duration-ms="119" started-at="2022-12-26T15:52:38 IST" finished-at="2022-12-26T15:52:38 IST">
    <groups>
    </groups>
    <test name="Default test" duration-ms="119" started-at="2022-12-26T15:52:38 IST" finished-at="2022-12-26T15:52:38 IST">
      <class name="com.TestNGProject.DataDemo">
        <test-method status="PASS" signature="userData(java.lang.String,java.lang.String)[pri:0, instance:com.TestNGProject.DataDemo@60285225]" name="userData" duration-ms="10" started-at="2022-12-26T15:52:38 IST" data-provider="My Data" finished-at="2022-12-26T15:52:38 IST">
          <params>
            <param index="0">
              <value>
                <![CDATA[abc]]>
              </value>
            </param>
            <param index="1">
              <value>
                <![CDATA[123]]>
              </value>
            </param>
          </params>
          <reporter-output>
          </reporter-output>
        </test-method> <!-- userData -->
        <test-method status="PASS" signature="userData(java.lang.String,java.lang.String)[pri:0, instance:com.TestNGProject.DataDemo@60285225]" name="userData" duration-ms="0" started-at="2022-12-26T15:52:38 IST" data-provider="My Data" finished-at="2022-12-26T15:52:38 IST">
          <params>
            <param index="0">
              <value>
                <![CDATA[bcd]]>
              </value>
            </param>
            <param index="1">
              <value>
                <![CDATA[321]]>
              </value>
            </param>
          </params>
          <reporter-output>
          </reporter-output>
        </test-method> <!-- userData -->
        <test-method status="PASS" signature="userData(java.lang.String,java.lang.String)[pri:0, instance:com.TestNGProject.DataDemo@60285225]" name="userData" duration-ms="0" started-at="2022-12-26T15:52:38 IST" data-provider="My Data" finished-at="2022-12-26T15:52:38 IST">
          <params>
            <param index="0">
              <value>
                <![CDATA[cdf]]>
              </value>
            </param>
            <param index="1">
              <value>
                <![CDATA[456]]>
              </value>
            </param>
          </params>
          <reporter-output>
          </reporter-output>
        </test-method> <!-- userData -->
      </class> <!-- com.TestNGProject.DataDemo -->
    </test> <!-- Default test -->
  </suite> <!-- Default suite -->
</testng-results>
